21:06:48 **** Build of configuration Debug for project tiny_mc ****
make all 
Building file: ../src/tiny_mc.c
Invoking: Cross GCC Compiler
gcc -O0 -g3 -Wall -c -fmessage-length=0 -lm -MMD -MP -MF"src/tiny_mc.d" -MT"src/tiny_mc.d" -o "src/tiny_mc.o" "../src/tiny_mc.c"
Finished building: ../src/tiny_mc.c
 
Building target: tiny_mc
Invoking: Cross GCC Linker
gcc  -o "tiny_mc"  ./src/tiny_mc.o   
./src/tiny_mc.o: In function `main':
/home/gbuffing/cuda-workspace/tiny_mc/Debug/../src/tiny_mc.c:28: undefined reference to `log'
/home/gbuffing/cuda-workspace/tiny_mc/Debug/../src/tiny_mc.c:33: undefined reference to `sqrt'
/home/gbuffing/cuda-workspace/tiny_mc/Debug/../src/tiny_mc.c:44: undefined reference to `sqrt'
/home/gbuffing/cuda-workspace/tiny_mc/Debug/../src/tiny_mc.c:45: undefined reference to `sqrt'
makefile:30: recipe for target 'tiny_mc' failed
/home/gbuffing/cuda-workspace/tiny_mc/Debug/../src/tiny_mc.c:56: undefined reference to `pow'
collect2: error: ld returned 1 exit status
make: *** [tiny_mc] Error 1
21:07:27 **** Clean-only build of configuration Debug for project Sandbox ****
make clean 
rm -rf  ./src/Sandbox.o  ./src/Sandbox.d  Sandbox
 
21:07:28 **** Clean-only build of configuration Debug for project mc_photon_0 ****
make clean 
rm -rf  ./src/mc_photon_0.o  ./src/mc_photon_0.d  mc_photon_0
 
21:07:28 **** Clean-only build of configuration Debug for project monte ****
make clean 
rm -rf  ./src/monte.o  ./src/monte.d  monte
 
21:07:28 **** Clean-only build of configuration Debug for project tiny_mc ****
make clean 
rm -rf  ./src/tiny_mc.o  ./src/tiny_mc.d  tiny_mc
 
